2018-08-28 17:41:57 - INFO     UtilParseXML.py - xmlParse_LogDetail : parse C:\ztesoft\python3\jobSchedule\conf\fircus_dkh 目录下的文件.
2018-08-28 17:41:57 - INFO     UtilParseXML.py - xmlParse_LogDetail : C:\ztesoft\python3\jobSchedule\conf\fircus_dkh\job_config.xml parse start ...
2018-08-28 17:41:57 - INFO     UtilParseXML.py - xmlParse_LogDetail : C:\ztesoft\python3\jobSchedule\conf\fircus_dkh\job_config.xml parse finished !.
2018-08-28 17:41:57 - INFO     Start.py - jobSchedule_LogDetail : [*/10 * * * *]cron配置正确，可正常执行 ...
2018-08-28 17:41:57 - INFO     base.py - apscheduler.scheduler : Adding job tentatively -- it will be properly scheduled when the scheduler starts
2018-08-28 17:41:57 - INFO     base.py - apscheduler.scheduler : Adding job tentatively -- it will be properly scheduled when the scheduler starts
2018-08-28 17:41:57 - INFO     Start.py - jobSchedule_LogDetail : 调度入口 ...
2018-08-28 17:41:57 - INFO     base.py - apscheduler.scheduler : Added job "schedJob" to job store "default"
2018-08-28 17:41:57 - INFO     base.py - apscheduler.scheduler : Added job "schedJob" to job store "default"
2018-08-28 17:41:57 - INFO     base.py - apscheduler.scheduler : Scheduler started
2018-08-28 17:41:57 - DEBUG    base.py - apscheduler.scheduler : Looking for jobs to run
2018-08-28 17:41:57 - DEBUG    base.py - apscheduler.scheduler : Next wakeup is due at 2018-08-28 17:41:58+08:00 (in 0.114774 seconds)
2018-08-28 17:41:58 - DEBUG    base.py - apscheduler.scheduler : Looking for jobs to run
2018-08-28 17:41:58 - INFO     base.py - apscheduler.executors.default : Running job "schedJob (trigger: cron[second='*'], next run at: 2018-08-28 17:41:58 CST)" (scheduled at 2018-08-28 17:41:58+08:00)
2018-08-28 17:41:58 - INFO     Start.py - jobSchedule_LogDetail : 执行任务 ...
2018-08-28 17:41:58 - INFO     Start.py - jobSchedule_LogDetail : 任务添加并发数控制，并发数为4
2018-08-28 17:41:58 - INFO     Start.py - jobSchedule_LogDetail : 解析[C:/ztesoft/python3/jobSchedule/script/fircus_dkh/SQL]目录下的配置文件
2018-08-28 17:41:58 - INFO     base.py - apscheduler.executors.default : Running job "schedJob (trigger: cron[second='*'], next run at: 2018-08-28 17:41:58 CST)" (scheduled at 2018-08-28 17:41:58+08:00)
2018-08-28 17:41:58 - INFO     Start.py - jobSchedule_LogDetail : 执行任务 ...
2018-08-28 17:41:58 - INFO     Start.py - jobSchedule_LogDetail : 任务添加并发数控制，并发数为4
2018-08-28 17:41:58 - INFO     Start.py - jobSchedule_LogDetail : 解析[C:/ztesoft/python3/jobSchedule/script/fircus_dkh/SQL]目录下的配置文件
2018-08-28 17:41:58 - DEBUG    base.py - apscheduler.scheduler : Next wakeup is due at 2018-08-28 17:41:59+08:00 (in 0.993015 seconds)
2018-08-28 17:41:58 - INFO     UtilParseXML.py - xmlParse_LogDetail : parse C:\ztesoft\python3\jobSchedule\conf 目录下的db_fircus_dkh.xml文件.
2018-08-28 17:41:58 - INFO     UtilParseXML.py - xmlParse_LogDetail : C:\ztesoft\python3\jobSchedule\conf\db_fircus_dkh.xml parse start ...
2018-08-28 17:41:58 - INFO     UtilParseXML.py - xmlParse_LogDetail : parse C:\ztesoft\python3\jobSchedule\conf 目录下的db_fircus_dkh.xml文件.
2018-08-28 17:41:58 - INFO     UtilParseXML.py - xmlParse_LogDetail : C:\ztesoft\python3\jobSchedule\conf\db_fircus_dkh.xml parse start ...
2018-08-28 17:41:58 - INFO     UtilParseXML.py - xmlParse_LogDetail : parse C:\ztesoft\python3\jobSchedule\conf 目录下的db_fircus_dkh.xml文件.
2018-08-28 17:41:58 - INFO     UtilParseXML.py - xmlParse_LogDetail : C:\ztesoft\python3\jobSchedule\conf\db_fircus_dkh.xml parse start ...
2018-08-28 17:41:58 - INFO     base.py - apscheduler.executors.default : Job "schedJob (trigger: cron[second='*'], next run at: 2018-08-28 17:41:59 CST)" executed successfully
2018-08-28 17:41:58 - INFO     base.py - apscheduler.executors.default : Job "schedJob (trigger: cron[second='*'], next run at: 2018-08-28 17:41:59 CST)" executed successfully
2018-08-28 17:41:58 - INFO     UtilParseXML.py - xmlParse_LogDetail : parse C:\ztesoft\python3\jobSchedule\conf 目录下的db_fircus_dkh.xml文件.
2018-08-28 17:41:58 - INFO     UtilParseXML.py - xmlParse_LogDetail : C:\ztesoft\python3\jobSchedule\conf\db_fircus_dkh.xml parse start ...
2018-08-28 17:41:58 - INFO     UtilParseXML.py - xmlParse_LogDetail : C:\ztesoft\python3\jobSchedule\conf\db_fircus_dkh.xmlparse finished !.
2018-08-28 17:41:58 - INFO     UtilParseXML.py - xmlParse_LogDetail : C:\ztesoft\python3\jobSchedule\conf\db_fircus_dkh.xmlparse finished !.
2018-08-28 17:41:58 - INFO     UtilParseXML.py - xmlParse_LogDetail : C:\ztesoft\python3\jobSchedule\conf\db_fircus_dkh.xmlparse finished !.
2018-08-28 17:41:58 - INFO     DbConnect.py - xmlDB_LogDetail : exec connect oracle start ...
2018-08-28 17:41:58 - INFO     DbConnect.py - xmlDB_LogDetail : exec connect oracle start ...
2018-08-28 17:41:58 - INFO     UtilParseXML.py - xmlParse_LogDetail : C:\ztesoft\python3\jobSchedule\conf\db_fircus_dkh.xmlparse finished !.
2018-08-28 17:41:58 - INFO     DbConnect.py - xmlDB_LogDetail : exec connect oracle start ...
2018-08-28 17:41:58 - INFO     DbConnect.py - xmlDB_LogDetail : exec connect oracle start ...
2018-08-28 17:41:58 - INFO     DbConnect.py - xmlDB_LogDetail : connect oracle sucessful !.
2018-08-28 17:41:58 - INFO     Start.py - jobSchedule_LogDetail : C:\ztesoft\python3\jobSchedule\script\fircus_dkh\SQL\2.sql exec start ...
2018-08-28 17:41:58 - INFO     Start.py - jobSchedule_LogDetail : C:\ztesoft\python3\jobSchedule\script\fircus_dkh\SQL\2.sql exec finish !
2018-08-28 17:41:58 - INFO     DbConnect.py - xmlDB_LogDetail : connect oracle sucessful !.
2018-08-28 17:41:58 - INFO     DbConnect.py - xmlDB_LogDetail : connect oracle sucessful !.
2018-08-28 17:41:58 - INFO     DbConnect.py - xmlDB_LogDetail : connect oracle sucessful !.
2018-08-28 17:41:58 - INFO     Start.py - jobSchedule_LogDetail : C:\ztesoft\python3\jobSchedule\script\fircus_dkh\SQL\2.sql exec start ...
2018-08-28 17:41:58 - INFO     Start.py - jobSchedule_LogDetail : C:\ztesoft\python3\jobSchedule\script\fircus_dkh\SQL\1.sql exec start ...
2018-08-28 17:41:58 - INFO     Start.py - jobSchedule_LogDetail : C:\ztesoft\python3\jobSchedule\script\fircus_dkh\SQL\1.sql exec start ...
2018-08-28 17:41:58 - INFO     Start.py - jobSchedule_LogDetail : C:\ztesoft\python3\jobSchedule\script\fircus_dkh\SQL\1.sql exec finish !
2018-08-28 17:41:58 - INFO     Start.py - jobSchedule_LogDetail : C:\ztesoft\python3\jobSchedule\script\fircus_dkh\SQL\2.sql exec finish !
2018-08-28 17:41:58 - INFO     Start.py - jobSchedule_LogDetail : C:\ztesoft\python3\jobSchedule\script\fircus_dkh\SQL\1.sql exec finish !
2018-08-28 17:41:59 - DEBUG    base.py - apscheduler.scheduler : Looking for jobs to run
2018-08-28 17:41:59 - INFO     base.py - apscheduler.executors.default : Running job "schedJob (trigger: cron[second='*'], next run at: 2018-08-28 17:41:59 CST)" (scheduled at 2018-08-28 17:41:59+08:00)
2018-08-28 17:41:59 - INFO     Start.py - jobSchedule_LogDetail : 执行任务 ...
2018-08-28 17:41:59 - INFO     base.py - apscheduler.executors.default : Running job "schedJob (trigger: cron[second='*'], next run at: 2018-08-28 17:41:59 CST)" (scheduled at 2018-08-28 17:41:59+08:00)
2018-08-28 17:41:59 - INFO     Start.py - jobSchedule_LogDetail : 执行任务 ...
2018-08-28 17:41:59 - INFO     Start.py - jobSchedule_LogDetail : 任务添加并发数控制，并发数为4
2018-08-28 17:41:59 - INFO     Start.py - jobSchedule_LogDetail : 解析[C:/ztesoft/python3/jobSchedule/script/fircus_dkh/SQL]目录下的配置文件
2018-08-28 17:41:59 - INFO     Start.py - jobSchedule_LogDetail : 任务添加并发数控制，并发数为4
2018-08-28 17:41:59 - INFO     Start.py - jobSchedule_LogDetail : 解析[C:/ztesoft/python3/jobSchedule/script/fircus_dkh/SQL]目录下的配置文件
2018-08-28 17:41:59 - DEBUG    base.py - apscheduler.scheduler : Next wakeup is due at 2018-08-28 17:42:00+08:00 (in 0.986727 seconds)
2018-08-28 17:41:59 - INFO     UtilParseXML.py - xmlParse_LogDetail : parse C:\ztesoft\python3\jobSchedule\conf 目录下的db_fircus_dkh.xml文件.
2018-08-28 17:41:59 - INFO     UtilParseXML.py - xmlParse_LogDetail : C:\ztesoft\python3\jobSchedule\conf\db_fircus_dkh.xml parse start ...
2018-08-28 17:41:59 - INFO     UtilParseXML.py - xmlParse_LogDetail : parse C:\ztesoft\python3\jobSchedule\conf 目录下的db_fircus_dkh.xml文件.
2018-08-28 17:41:59 - INFO     UtilParseXML.py - xmlParse_LogDetail : C:\ztesoft\python3\jobSchedule\conf\db_fircus_dkh.xml parse start ...
2018-08-28 17:41:59 - INFO     UtilParseXML.py - xmlParse_LogDetail : parse C:\ztesoft\python3\jobSchedule\conf 目录下的db_fircus_dkh.xml文件.
2018-08-28 17:41:59 - INFO     UtilParseXML.py - xmlParse_LogDetail : parse C:\ztesoft\python3\jobSchedule\conf 目录下的db_fircus_dkh.xml文件.
2018-08-28 17:41:59 - INFO     UtilParseXML.py - xmlParse_LogDetail : C:\ztesoft\python3\jobSchedule\conf\db_fircus_dkh.xml parse start ...
2018-08-28 17:41:59 - INFO     base.py - apscheduler.executors.default : Job "schedJob (trigger: cron[second='*'], next run at: 2018-08-28 17:42:00 CST)" executed successfully
2018-08-28 17:41:59 - INFO     UtilParseXML.py - xmlParse_LogDetail : C:\ztesoft\python3\jobSchedule\conf\db_fircus_dkh.xml parse start ...
2018-08-28 17:41:59 - INFO     UtilParseXML.py - xmlParse_LogDetail : C:\ztesoft\python3\jobSchedule\conf\db_fircus_dkh.xmlparse finished !.
2018-08-28 17:41:59 - INFO     UtilParseXML.py - xmlParse_LogDetail : C:\ztesoft\python3\jobSchedule\conf\db_fircus_dkh.xmlparse finished !.
2018-08-28 17:41:59 - INFO     base.py - apscheduler.executors.default : Job "schedJob (trigger: cron[second='*'], next run at: 2018-08-28 17:42:00 CST)" executed successfully
2018-08-28 17:41:59 - INFO     DbConnect.py - xmlDB_LogDetail : exec connect oracle start ...
2018-08-28 17:41:59 - INFO     DbConnect.py - xmlDB_LogDetail : exec connect oracle start ...
2018-08-28 17:41:59 - INFO     UtilParseXML.py - xmlParse_LogDetail : C:\ztesoft\python3\jobSchedule\conf\db_fircus_dkh.xmlparse finished !.
2018-08-28 17:41:59 - INFO     UtilParseXML.py - xmlParse_LogDetail : C:\ztesoft\python3\jobSchedule\conf\db_fircus_dkh.xmlparse finished !.
2018-08-28 17:41:59 - INFO     DbConnect.py - xmlDB_LogDetail : exec connect oracle start ...
2018-08-28 17:41:59 - INFO     DbConnect.py - xmlDB_LogDetail : exec connect oracle start ...
2018-08-28 17:41:59 - INFO     DbConnect.py - xmlDB_LogDetail : connect oracle sucessful !.
2018-08-28 17:41:59 - INFO     Start.py - jobSchedule_LogDetail : C:\ztesoft\python3\jobSchedule\script\fircus_dkh\SQL\2.sql exec start ...
2018-08-28 17:41:59 - INFO     Start.py - jobSchedule_LogDetail : C:\ztesoft\python3\jobSchedule\script\fircus_dkh\SQL\2.sql exec finish !
2018-08-28 17:41:59 - INFO     DbConnect.py - xmlDB_LogDetail : connect oracle sucessful !.
2018-08-28 17:41:59 - INFO     DbConnect.py - xmlDB_LogDetail : connect oracle sucessful !.
2018-08-28 17:41:59 - INFO     DbConnect.py - xmlDB_LogDetail : connect oracle sucessful !.
2018-08-28 17:41:59 - INFO     Start.py - jobSchedule_LogDetail : C:\ztesoft\python3\jobSchedule\script\fircus_dkh\SQL\2.sql exec start ...
2018-08-28 17:41:59 - INFO     Start.py - jobSchedule_LogDetail : C:\ztesoft\python3\jobSchedule\script\fircus_dkh\SQL\1.sql exec start ...
2018-08-28 17:41:59 - INFO     Start.py - jobSchedule_LogDetail : C:\ztesoft\python3\jobSchedule\script\fircus_dkh\SQL\1.sql exec start ...
2018-08-28 17:41:59 - INFO     Start.py - jobSchedule_LogDetail : C:\ztesoft\python3\jobSchedule\script\fircus_dkh\SQL\2.sql exec finish !
2018-08-28 17:41:59 - INFO     Start.py - jobSchedule_LogDetail : C:\ztesoft\python3\jobSchedule\script\fircus_dkh\SQL\1.sql exec finish !
2018-08-28 17:41:59 - INFO     Start.py - jobSchedule_LogDetail : C:\ztesoft\python3\jobSchedule\script\fircus_dkh\SQL\1.sql exec finish !
2018-08-28 17:42:00 - DEBUG    base.py - apscheduler.scheduler : Looking for jobs to run
2018-08-28 17:42:00 - INFO     base.py - apscheduler.executors.default : Running job "schedJob (trigger: cron[second='*'], next run at: 2018-08-28 17:42:00 CST)" (scheduled at 2018-08-28 17:42:00+08:00)
2018-08-28 17:42:00 - INFO     Start.py - jobSchedule_LogDetail : 执行任务 ...
2018-08-28 17:42:00 - INFO     Start.py - jobSchedule_LogDetail : 任务添加并发数控制，并发数为4
2018-08-28 17:42:00 - INFO     Start.py - jobSchedule_LogDetail : 解析[C:/ztesoft/python3/jobSchedule/script/fircus_dkh/SQL]目录下的配置文件
2018-08-28 17:42:00 - INFO     base.py - apscheduler.executors.default : Running job "schedJob (trigger: cron[second='*'], next run at: 2018-08-28 17:42:00 CST)" (scheduled at 2018-08-28 17:42:00+08:00)
2018-08-28 17:42:00 - INFO     Start.py - jobSchedule_LogDetail : 执行任务 ...
2018-08-28 17:42:00 - INFO     Start.py - jobSchedule_LogDetail : 任务添加并发数控制，并发数为4
2018-08-28 17:42:00 - INFO     Start.py - jobSchedule_LogDetail : 解析[C:/ztesoft/python3/jobSchedule/script/fircus_dkh/SQL]目录下的配置文件
2018-08-28 17:42:00 - INFO     UtilParseXML.py - xmlParse_LogDetail : parse C:\ztesoft\python3\jobSchedule\conf 目录下的db_fircus_dkh.xml文件.
2018-08-28 17:42:00 - INFO     UtilParseXML.py - xmlParse_LogDetail : C:\ztesoft\python3\jobSchedule\conf\db_fircus_dkh.xml parse start ...
2018-08-28 17:42:00 - DEBUG    base.py - apscheduler.scheduler : Next wakeup is due at 2018-08-28 17:42:01+08:00 (in 0.968513 seconds)
2018-08-28 17:42:00 - INFO     UtilParseXML.py - xmlParse_LogDetail : parse C:\ztesoft\python3\jobSchedule\conf 目录下的db_fircus_dkh.xml文件.
2018-08-28 17:42:00 - INFO     UtilParseXML.py - xmlParse_LogDetail : parse C:\ztesoft\python3\jobSchedule\conf 目录下的db_fircus_dkh.xml文件.
2018-08-28 17:42:00 - INFO     UtilParseXML.py - xmlParse_LogDetail : C:\ztesoft\python3\jobSchedule\conf\db_fircus_dkh.xml parse start ...
2018-08-28 17:42:00 - INFO     base.py - apscheduler.executors.default : Job "schedJob (trigger: cron[second='*'], next run at: 2018-08-28 17:42:01 CST)" executed successfully
2018-08-28 17:42:00 - INFO     UtilParseXML.py - xmlParse_LogDetail : C:\ztesoft\python3\jobSchedule\conf\db_fircus_dkh.xml parse start ...
2018-08-28 17:42:00 - INFO     base.py - apscheduler.executors.default : Job "schedJob (trigger: cron[second='*'], next run at: 2018-08-28 17:42:01 CST)" executed successfully
2018-08-28 17:42:00 - INFO     UtilParseXML.py - xmlParse_LogDetail : C:\ztesoft\python3\jobSchedule\conf\db_fircus_dkh.xmlparse finished !.
2018-08-28 17:42:00 - INFO     DbConnect.py - xmlDB_LogDetail : exec connect oracle start ...
2018-08-28 17:42:00 - INFO     UtilParseXML.py - xmlParse_LogDetail : parse C:\ztesoft\python3\jobSchedule\conf 目录下的db_fircus_dkh.xml文件.
2018-08-28 17:42:00 - INFO     UtilParseXML.py - xmlParse_LogDetail : C:\ztesoft\python3\jobSchedule\conf\db_fircus_dkh.xml parse start ...
2018-08-28 17:42:00 - INFO     UtilParseXML.py - xmlParse_LogDetail : C:\ztesoft\python3\jobSchedule\conf\db_fircus_dkh.xmlparse finished !.
2018-08-28 17:42:00 - INFO     DbConnect.py - xmlDB_LogDetail : exec connect oracle start ...
2018-08-28 17:42:00 - INFO     UtilParseXML.py - xmlParse_LogDetail : C:\ztesoft\python3\jobSchedule\conf\db_fircus_dkh.xmlparse finished !.
2018-08-28 17:42:00 - INFO     DbConnect.py - xmlDB_LogDetail : exec connect oracle start ...
2018-08-28 17:42:00 - INFO     UtilParseXML.py - xmlParse_LogDetail : C:\ztesoft\python3\jobSchedule\conf\db_fircus_dkh.xmlparse finished !.
2018-08-28 17:42:00 - INFO     DbConnect.py - xmlDB_LogDetail : exec connect oracle start ...
2018-08-28 17:42:00 - INFO     DbConnect.py - xmlDB_LogDetail : connect oracle sucessful !.
2018-08-28 17:42:00 - INFO     Start.py - jobSchedule_LogDetail : C:\ztesoft\python3\jobSchedule\script\fircus_dkh\SQL\1.sql exec start ...
2018-08-28 17:42:00 - INFO     Start.py - jobSchedule_LogDetail : C:\ztesoft\python3\jobSchedule\script\fircus_dkh\SQL\1.sql exec finish !
2018-08-28 17:42:00 - INFO     DbConnect.py - xmlDB_LogDetail : connect oracle sucessful !.
2018-08-28 17:42:00 - INFO     DbConnect.py - xmlDB_LogDetail : connect oracle sucessful !.
2018-08-28 17:42:00 - INFO     DbConnect.py - xmlDB_LogDetail : connect oracle sucessful !.
2018-08-28 17:42:00 - INFO     Start.py - jobSchedule_LogDetail : C:\ztesoft\python3\jobSchedule\script\fircus_dkh\SQL\1.sql exec start ...
2018-08-28 17:42:00 - INFO     Start.py - jobSchedule_LogDetail : C:\ztesoft\python3\jobSchedule\script\fircus_dkh\SQL\2.sql exec start ...
2018-08-28 17:42:00 - INFO     Start.py - jobSchedule_LogDetail : C:\ztesoft\python3\jobSchedule\script\fircus_dkh\SQL\2.sql exec start ...
2018-08-28 17:42:00 - INFO     Start.py - jobSchedule_LogDetail : C:\ztesoft\python3\jobSchedule\script\fircus_dkh\SQL\1.sql exec finish !
2018-08-28 17:42:00 - INFO     Start.py - jobSchedule_LogDetail : C:\ztesoft\python3\jobSchedule\script\fircus_dkh\SQL\2.sql exec finish !
2018-08-28 17:42:00 - INFO     Start.py - jobSchedule_LogDetail : C:\ztesoft\python3\jobSchedule\script\fircus_dkh\SQL\2.sql exec finish !
